<?xml version="1.0" encoding="UTF-8"?>
<!-- Generated by org.testng.reporters.JUnitXMLReporter -->
<testsuite hostname="MQ1H7NT" failures="1" tests="1" name="Test_FF" time="3.023" errors="0" timestamp="11 Jul 2019 21:35:15 GMT">
  <testcase classname="SpatialSearch.SpatialSearch.multiBrowserParallel_test5" name="test1" time="0.002">
    <failure type="java.lang.NullPointerException">
      <![CDATA[java.lang.NullPointerException
	at SpatialSearch.SpatialSearch.supportFunctions.login(supportFunctions.java:52)
	at SpatialSearch.SpatialSearch.multiBrowserParallel_test5.test1(multiBrowserParallel_test5.java:48)
	at java.base/java.util.concurrent.FutureTask.run(FutureTask.java:264)
	at java.base/java.util.concurrent.ThreadPoolExecutor.runWorker(ThreadPoolExecutor.java:1128)
	at java.base/java.util.concurrent.ThreadPoolExecutor$Worker.run(ThreadPoolExecutor.java:628)
	at java.base/java.lang.Thread.run(Thread.java:834)
... Removed 16 stack frames]]>
    </failure>
  </testcase> <!-- test1 -->
</testsuite> <!-- Test_FF -->
