<?xml version="1.0" encoding="UTF-8"?>
<testng-results total="1" passed="1" failed="0" skipped="0">
  <reporter-output>
  </reporter-output>
  <suite started-at="2019-07-15T20:39:24Z" name="Default suite" finished-at="2019-07-15T20:39:49Z" duration-ms="24416">
    <groups>
    </groups>
    <test started-at="2019-07-15T20:39:24Z" name="Default test" finished-at="2019-07-15T20:39:49Z" duration-ms="24416">
      <class name="testcases.test6">
        <test-method signature="setup()[pri:0, instance:testcases.test6@7c6908d7]" started-at="2019-07-15T13:39:24Z" name="setup" finished-at="2019-07-15T13:39:49Z" duration-ms="24409" status="PASS">
          <reporter-output>
          </reporter-output>
        </test-method> <!-- setup -->
      </class> <!-- testcases.test6 -->
    </test> <!-- Default test -->
  </suite> <!-- Default suite -->
</testng-results>
